mode: set
github.com/google/dpi-accelerator/beckn-onix/internal/onixctl/builder.go:40.52,42.2 1 0
github.com/google/dpi-accelerator/beckn-onix/internal/onixctl/builder.go:45.73,48.16 2 1
github.com/google/dpi-accelerator/beckn-onix/internal/onixctl/builder.go:48.16,50.3 1 0
github.com/google/dpi-accelerator/beckn-onix/internal/onixctl/builder.go:51.2,51.54 1 1
github.com/google/dpi-accelerator/beckn-onix/internal/onixctl/builder.go:51.54,53.3 1 1
github.com/google/dpi-accelerator/beckn-onix/internal/onixctl/builder.go:55.2,60.8 1 1
github.com/google/dpi-accelerator/beckn-onix/internal/onixctl/builder.go:64.33,67.49 2 1
github.com/google/dpi-accelerator/beckn-onix/internal/onixctl/builder.go:67.49,69.3 1 1
github.com/google/dpi-accelerator/beckn-onix/internal/onixctl/builder.go:72.2,73.47 2 1
github.com/google/dpi-accelerator/beckn-onix/internal/onixctl/builder.go:73.47,75.3 1 0
github.com/google/dpi-accelerator/beckn-onix/internal/onixctl/builder.go:77.2,78.30 2 1
github.com/google/dpi-accelerator/beckn-onix/internal/onixctl/builder.go:82.48,93.42 9 1
github.com/google/dpi-accelerator/beckn-onix/internal/onixctl/builder.go:93.42,95.46 2 1
github.com/google/dpi-accelerator/beckn-onix/internal/onixctl/builder.go:95.46,100.4 4 1
github.com/google/dpi-accelerator/beckn-onix/internal/onixctl/builder.go:102.2,105.80 3 1
github.com/google/dpi-accelerator/beckn-onix/internal/onixctl/builder.go:105.80,107.3 1 0
github.com/google/dpi-accelerator/beckn-onix/internal/onixctl/builder.go:109.2,119.26 4 1
github.com/google/dpi-accelerator/beckn-onix/internal/onixctl/builder.go:123.46,124.42 1 1
github.com/google/dpi-accelerator/beckn-onix/internal/onixctl/builder.go:124.42,125.29 1 1
github.com/google/dpi-accelerator/beckn-onix/internal/onixctl/builder.go:125.29,127.43 2 1
github.com/google/dpi-accelerator/beckn-onix/internal/onixctl/builder.go:127.43,129.32 2 1
github.com/google/dpi-accelerator/beckn-onix/internal/onixctl/builder.go:129.32,131.6 1 1
github.com/google/dpi-accelerator/beckn-onix/internal/onixctl/builder.go:133.5,142.45 9 1
github.com/google/dpi-accelerator/beckn-onix/internal/onixctl/builder.go:142.45,144.6 1 1
github.com/google/dpi-accelerator/beckn-onix/internal/onixctl/builder.go:146.5,146.32 1 1
github.com/google/dpi-accelerator/beckn-onix/internal/onixctl/builder.go:146.32,151.50 5 1
github.com/google/dpi-accelerator/beckn-onix/internal/onixctl/builder.go:151.50,153.7 1 0
github.com/google/dpi-accelerator/beckn-onix/internal/onixctl/builder.go:158.2,158.12 1 1
github.com/google/dpi-accelerator/beckn-onix/internal/onixctl/builder.go:162.45,167.35 4 1
github.com/google/dpi-accelerator/beckn-onix/internal/onixctl/builder.go:167.35,170.3 2 1
github.com/google/dpi-accelerator/beckn-onix/internal/onixctl/builder.go:173.2,176.42 4 1
github.com/google/dpi-accelerator/beckn-onix/internal/onixctl/builder.go:176.42,178.3 1 1
github.com/google/dpi-accelerator/beckn-onix/internal/onixctl/builder.go:180.2,181.12 2 1
github.com/google/dpi-accelerator/beckn-onix/internal/onixctl/config.go:52.47,54.16 2 1
github.com/google/dpi-accelerator/beckn-onix/internal/onixctl/config.go:54.16,56.3 1 1
github.com/google/dpi-accelerator/beckn-onix/internal/onixctl/config.go:58.2,59.54 2 1
github.com/google/dpi-accelerator/beckn-onix/internal/onixctl/config.go:59.54,61.3 1 0
github.com/google/dpi-accelerator/beckn-onix/internal/onixctl/config.go:63.2,63.48 1 1
github.com/google/dpi-accelerator/beckn-onix/internal/onixctl/config.go:63.48,65.3 1 1
github.com/google/dpi-accelerator/beckn-onix/internal/onixctl/config.go:67.2,71.32 3 1
github.com/google/dpi-accelerator/beckn-onix/internal/onixctl/config.go:71.32,72.40 1 1
github.com/google/dpi-accelerator/beckn-onix/internal/onixctl/config.go:72.40,74.4 1 1
github.com/google/dpi-accelerator/beckn-onix/internal/onixctl/config.go:74.9,77.4 2 1
github.com/google/dpi-accelerator/beckn-onix/internal/onixctl/config.go:80.2,80.21 1 1
github.com/google/dpi-accelerator/beckn-onix/internal/onixctl/config.go:84.43,85.28 1 1
github.com/google/dpi-accelerator/beckn-onix/internal/onixctl/config.go:85.28,87.3 1 1
github.com/google/dpi-accelerator/beckn-onix/internal/onixctl/config.go:89.2,89.30 1 1
github.com/google/dpi-accelerator/beckn-onix/internal/onixctl/config.go:89.30,91.3 1 1
github.com/google/dpi-accelerator/beckn-onix/internal/onixctl/config.go:93.2,94.40 2 1
github.com/google/dpi-accelerator/beckn-onix/internal/onixctl/config.go:94.40,95.24 1 1
github.com/google/dpi-accelerator/beckn-onix/internal/onixctl/config.go:95.24,97.4 1 1
github.com/google/dpi-accelerator/beckn-onix/internal/onixctl/config.go:98.3,98.29 1 1
github.com/google/dpi-accelerator/beckn-onix/internal/onixctl/config.go:98.29,99.24 1 1
github.com/google/dpi-accelerator/beckn-onix/internal/onixctl/config.go:99.24,101.5 1 1
github.com/google/dpi-accelerator/beckn-onix/internal/onixctl/config.go:102.4,102.27 1 1
github.com/google/dpi-accelerator/beckn-onix/internal/onixctl/config.go:106.2,106.12 1 1
github.com/google/dpi-accelerator/beckn-onix/internal/onixctl/config.go:110.34,111.25 1 1
github.com/google/dpi-accelerator/beckn-onix/internal/onixctl/config.go:111.25,113.3 1 1
github.com/google/dpi-accelerator/beckn-onix/internal/onixctl/config.go:114.2,114.30 1 1
github.com/google/dpi-accelerator/beckn-onix/internal/onixctl/config.go:114.30,116.3 1 1
github.com/google/dpi-accelerator/beckn-onix/internal/onixctl/config.go:117.2,117.32 1 1
github.com/google/dpi-accelerator/beckn-onix/internal/onixctl/config.go:117.32,118.35 1 1
github.com/google/dpi-accelerator/beckn-onix/internal/onixctl/config.go:118.35,120.4 1 1
github.com/google/dpi-accelerator/beckn-onix/internal/onixctl/publisher.go:43.61,45.2 1 0
github.com/google/dpi-accelerator/beckn-onix/internal/onixctl/publisher.go:53.46,55.2 1 1
github.com/google/dpi-accelerator/beckn-onix/internal/onixctl/publisher.go:58.37,59.27 1 1
github.com/google/dpi-accelerator/beckn-onix/internal/onixctl/publisher.go:59.27,62.3 2 1
github.com/google/dpi-accelerator/beckn-onix/internal/onixctl/publisher.go:64.2,65.56 2 1
github.com/google/dpi-accelerator/beckn-onix/internal/onixctl/publisher.go:65.56,68.3 2 1
github.com/google/dpi-accelerator/beckn-onix/internal/onixctl/publisher.go:70.2,70.52 1 0
github.com/google/dpi-accelerator/beckn-onix/internal/onixctl/publisher.go:74.64,77.16 3 0
github.com/google/dpi-accelerator/beckn-onix/internal/onixctl/publisher.go:77.16,79.3 1 0
github.com/google/dpi-accelerator/beckn-onix/internal/onixctl/publisher.go:80.2,83.63 3 0
github.com/google/dpi-accelerator/beckn-onix/internal/onixctl/publisher.go:87.113,89.41 1 1
github.com/google/dpi-accelerator/beckn-onix/internal/onixctl/publisher.go:89.41,91.3 1 1
github.com/google/dpi-accelerator/beckn-onix/internal/onixctl/publisher.go:92.2,93.38 2 1
github.com/google/dpi-accelerator/beckn-onix/internal/onixctl/publisher.go:93.38,95.3 1 1
github.com/google/dpi-accelerator/beckn-onix/internal/onixctl/publisher.go:96.2,100.40 3 1
github.com/google/dpi-accelerator/beckn-onix/internal/onixctl/publisher.go:100.40,102.3 1 1
github.com/google/dpi-accelerator/beckn-onix/internal/onixctl/publisher.go:104.2,107.16 3 1
github.com/google/dpi-accelerator/beckn-onix/internal/onixctl/publisher.go:107.16,109.3 1 1
github.com/google/dpi-accelerator/beckn-onix/internal/onixctl/publisher.go:110.2,113.44 3 1
github.com/google/dpi-accelerator/beckn-onix/internal/onixctl/publisher.go:113.44,115.3 1 1
github.com/google/dpi-accelerator/beckn-onix/internal/onixctl/publisher.go:116.2,116.35 1 0
github.com/google/dpi-accelerator/beckn-onix/internal/onixctl/publisher.go:116.35,118.3 1 0
github.com/google/dpi-accelerator/beckn-onix/internal/onixctl/publisher.go:120.2,121.12 2 0
github.com/google/dpi-accelerator/beckn-onix/internal/onixctl/root.go:40.47,41.46 1 1
github.com/google/dpi-accelerator/beckn-onix/internal/onixctl/root.go:41.46,44.4 2 1
github.com/google/dpi-accelerator/beckn-onix/internal/onixctl/root.go:48.13,51.59 2 1
github.com/google/dpi-accelerator/beckn-onix/internal/onixctl/root.go:51.59,54.3 1 1
github.com/google/dpi-accelerator/beckn-onix/internal/onixctl/root.go:55.2,59.103 5 1
github.com/google/dpi-accelerator/beckn-onix/internal/onixctl/root.go:63.48,66.16 2 1
github.com/google/dpi-accelerator/beckn-onix/internal/onixctl/root.go:66.16,68.3 1 1
github.com/google/dpi-accelerator/beckn-onix/internal/onixctl/root.go:71.2,71.37 1 0
github.com/google/dpi-accelerator/beckn-onix/internal/onixctl/root.go:71.37,73.3 1 0
github.com/google/dpi-accelerator/beckn-onix/internal/onixctl/root.go:74.2,74.35 1 0
github.com/google/dpi-accelerator/beckn-onix/internal/onixctl/root.go:74.35,76.3 1 0
github.com/google/dpi-accelerator/beckn-onix/internal/onixctl/root.go:77.2,77.40 1 0
github.com/google/dpi-accelerator/beckn-onix/internal/onixctl/root.go:77.40,79.3 1 0
github.com/google/dpi-accelerator/beckn-onix/internal/onixctl/root.go:80.2,80.35 1 0
github.com/google/dpi-accelerator/beckn-onix/internal/onixctl/root.go:80.35,82.3 1 0
github.com/google/dpi-accelerator/beckn-onix/internal/onixctl/root.go:84.2,90.16 5 0
github.com/google/dpi-accelerator/beckn-onix/internal/onixctl/root.go:90.16,92.3 1 0
github.com/google/dpi-accelerator/beckn-onix/internal/onixctl/root.go:100.2,104.65 3 0
github.com/google/dpi-accelerator/beckn-onix/internal/onixctl/root.go:104.65,106.3 1 0
github.com/google/dpi-accelerator/beckn-onix/internal/onixctl/root.go:109.2,109.85 1 0
github.com/google/dpi-accelerator/beckn-onix/internal/onixctl/root.go:109.85,111.3 1 0
github.com/google/dpi-accelerator/beckn-onix/internal/onixctl/root.go:114.2,116.16 3 0
github.com/google/dpi-accelerator/beckn-onix/internal/onixctl/root.go:116.16,118.3 1 0
github.com/google/dpi-accelerator/beckn-onix/internal/onixctl/root.go:119.2,119.40 1 0
github.com/google/dpi-accelerator/beckn-onix/internal/onixctl/root.go:119.40,121.3 1 0
github.com/google/dpi-accelerator/beckn-onix/internal/onixctl/root.go:124.2,126.44 3 0
github.com/google/dpi-accelerator/beckn-onix/internal/onixctl/root.go:126.44,129.3 1 0
github.com/google/dpi-accelerator/beckn-onix/internal/onixctl/root.go:131.2,132.12 2 0
github.com/google/dpi-accelerator/beckn-onix/internal/onixctl/workspace.go:34.41,36.16 2 1
github.com/google/dpi-accelerator/beckn-onix/internal/onixctl/workspace.go:36.16,38.3 1 0
github.com/google/dpi-accelerator/beckn-onix/internal/onixctl/workspace.go:39.2,39.38 1 1
github.com/google/dpi-accelerator/beckn-onix/internal/onixctl/workspace.go:43.35,45.2 1 1
github.com/google/dpi-accelerator/beckn-onix/internal/onixctl/workspace.go:48.35,50.2 1 1
github.com/google/dpi-accelerator/beckn-onix/internal/onixctl/workspace.go:53.60,54.33 1 1
github.com/google/dpi-accelerator/beckn-onix/internal/onixctl/workspace.go:54.33,56.53 2 1
github.com/google/dpi-accelerator/beckn-onix/internal/onixctl/workspace.go:56.53,58.4 1 0
github.com/google/dpi-accelerator/beckn-onix/internal/onixctl/workspace.go:60.3,60.24 1 1
github.com/google/dpi-accelerator/beckn-onix/internal/onixctl/workspace.go:60.24,63.18 3 1
github.com/google/dpi-accelerator/beckn-onix/internal/onixctl/workspace.go:63.18,65.5 1 0
github.com/google/dpi-accelerator/beckn-onix/internal/onixctl/workspace.go:67.4,68.32 2 1
github.com/google/dpi-accelerator/beckn-onix/internal/onixctl/workspace.go:68.32,70.5 1 0
github.com/google/dpi-accelerator/beckn-onix/internal/onixctl/workspace.go:70.10,72.5 1 1
github.com/google/dpi-accelerator/beckn-onix/internal/onixctl/workspace.go:73.4,75.36 3 1
github.com/google/dpi-accelerator/beckn-onix/internal/onixctl/workspace.go:75.36,77.5 1 0
github.com/google/dpi-accelerator/beckn-onix/internal/onixctl/workspace.go:78.9,82.18 3 1
github.com/google/dpi-accelerator/beckn-onix/internal/onixctl/workspace.go:82.18,84.5 1 0
github.com/google/dpi-accelerator/beckn-onix/internal/onixctl/workspace.go:85.4,92.18 4 1
github.com/google/dpi-accelerator/beckn-onix/internal/onixctl/workspace.go:92.18,94.5 1 0
github.com/google/dpi-accelerator/beckn-onix/internal/onixctl/workspace.go:96.4,96.28 1 1
github.com/google/dpi-accelerator/beckn-onix/internal/onixctl/workspace.go:96.28,98.19 2 1
github.com/google/dpi-accelerator/beckn-onix/internal/onixctl/workspace.go:98.19,100.6 1 0
github.com/google/dpi-accelerator/beckn-onix/internal/onixctl/workspace.go:101.5,103.19 3 1
github.com/google/dpi-accelerator/beckn-onix/internal/onixctl/workspace.go:103.19,105.6 1 1
github.com/google/dpi-accelerator/beckn-onix/internal/onixctl/workspace.go:106.5,109.19 2 0
github.com/google/dpi-accelerator/beckn-onix/internal/onixctl/workspace.go:109.19,111.6 1 0
github.com/google/dpi-accelerator/beckn-onix/internal/onixctl/workspace.go:115.4,117.32 3 1
github.com/google/dpi-accelerator/beckn-onix/internal/onixctl/workspace.go:117.32,119.5 1 0
github.com/google/dpi-accelerator/beckn-onix/internal/onixctl/workspace.go:119.10,121.5 1 1
github.com/google/dpi-accelerator/beckn-onix/internal/onixctl/workspace.go:122.4,124.36 3 1
github.com/google/dpi-accelerator/beckn-onix/internal/onixctl/workspace.go:124.36,126.5 1 0
github.com/google/dpi-accelerator/beckn-onix/internal/onixctl/workspace.go:129.2,129.12 1 1
github.com/google/dpi-accelerator/beckn-onix/internal/onixctl/workspace.go:133.80,136.33 3 1
github.com/google/dpi-accelerator/beckn-onix/internal/onixctl/workspace.go:136.33,138.3 1 1
github.com/google/dpi-accelerator/beckn-onix/internal/onixctl/workspace.go:139.2,142.78 3 1
github.com/google/dpi-accelerator/beckn-onix/internal/onixctl/workspace.go:142.78,144.3 1 0
github.com/google/dpi-accelerator/beckn-onix/internal/onixctl/workspace.go:146.2,147.67 2 1
github.com/google/dpi-accelerator/beckn-onix/internal/onixctl/workspace.go:147.67,149.3 1 1
github.com/google/dpi-accelerator/beckn-onix/internal/onixctl/workspace.go:151.2,151.33 1 1
github.com/google/dpi-accelerator/beckn-onix/internal/onixctl/workspace.go:151.33,154.71 3 1
github.com/google/dpi-accelerator/beckn-onix/internal/onixctl/workspace.go:154.71,156.4 1 0
github.com/google/dpi-accelerator/beckn-onix/internal/onixctl/workspace.go:159.2,159.12 1 1
github.com/google/dpi-accelerator/beckn-onix/internal/onixctl/workspace.go:163.72,169.2 5 1
